app/intermediates/manifest_merge_blame_file/debug/manifest-merger-blame-debug-report.txt
1<?xml version="1.0" encoding="utf-8"?>
2<manifest xmlns:android="http://schemas.android.com/apk/res/android"
3    package="com.example.yourthing"
4    android:versionCode="1"
5    android:versionName="1.0.0" >
6
7    <uses-sdk
8        android:minSdkVersion="22"
9        android:targetSdkVersion="33" />
10    <!--
11         The INTERNET permission is required for development. Specifically,
12         the Flutter tool needs it to communicate with the running application
13         to allow setting breakpoints, to provide hot reload, etc.
14    -->
15    <uses-permission android:name="android.permission.INTERNET" />
15-->src\debug\AndroidManifest.xml:7:5-66
15-->src\debug\AndroidManifest.xml:7:22-64
16
17    <queries>
17-->[com.razorpay:checkout:1.6.30] AndroidManifest.xml:10:5-39:15
18        <intent>
18-->[com.razorpay:checkout:1.6.30] AndroidManifest.xml:11:9-17:18
19            <action android:name="android.intent.action.VIEW" />
19-->[com.razorpay:checkout:1.6.30] AndroidManifest.xml:12:13-65
19-->[com.razorpay:checkout:1.6.30] AndroidManifest.xml:12:21-62
20
21            <data
21-->[com.razorpay:checkout:1.6.30] AndroidManifest.xml:14:13-16:38
22                android:mimeType="*/*"
22-->[com.razorpay:checkout:1.6.30] AndroidManifest.xml:15:17-39
23                android:scheme="*" />
23-->[com.razorpay:checkout:1.6.30] AndroidManifest.xml:16:17-35
24        </intent>
25        <intent>
25-->[com.razorpay:checkout:1.6.30] AndroidManifest.xml:18:9-27:18
26            <action android:name="android.intent.action.VIEW" />
26-->[com.razorpay:checkout:1.6.30] AndroidManifest.xml:12:13-65
26-->[com.razorpay:checkout:1.6.30] AndroidManifest.xml:12:21-62
27
28            <category android:name="android.intent.category.BROWSABLE" />
28-->[com.razorpay:checkout:1.6.30] AndroidManifest.xml:21:13-74
28-->[com.razorpay:checkout:1.6.30] AndroidManifest.xml:21:23-71
29
30            <data
30-->[com.razorpay:checkout:1.6.30] AndroidManifest.xml:14:13-16:38
31                android:host="pay"
32                android:mimeType="*/*"
32-->[com.razorpay:checkout:1.6.30] AndroidManifest.xml:15:17-39
33                android:scheme="upi" />
33-->[com.razorpay:checkout:1.6.30] AndroidManifest.xml:16:17-35
34        </intent>
35        <intent>
35-->[com.razorpay:checkout:1.6.30] AndroidManifest.xml:28:9-30:18
36            <action android:name="android.intent.action.MAIN" />
36-->[com.razorpay:checkout:1.6.30] AndroidManifest.xml:29:13-65
36-->[com.razorpay:checkout:1.6.30] AndroidManifest.xml:29:21-62
37        </intent>
38        <intent>
38-->[com.razorpay:checkout:1.6.30] AndroidManifest.xml:31:9-35:18
39            <action android:name="android.intent.action.SEND" />
39-->[com.razorpay:checkout:1.6.30] AndroidManifest.xml:32:13-65
39-->[com.razorpay:checkout:1.6.30] AndroidManifest.xml:32:21-62
40
41            <data android:mimeType="*/*" />
41-->[com.razorpay:checkout:1.6.30] AndroidManifest.xml:14:13-16:38
41-->[com.razorpay:checkout:1.6.30] AndroidManifest.xml:15:17-39
42        </intent>
43        <intent>
43-->[com.razorpay:checkout:1.6.30] AndroidManifest.xml:36:9-38:18
44            <action android:name="rzp.device_token.share" />
44-->[com.razorpay:checkout:1.6.30] AndroidManifest.xml:37:13-61
44-->[com.razorpay:checkout:1.6.30] AndroidManifest.xml:37:21-58
45        </intent>
46    </queries>
47
48    <uses-permission android:name="android.permission.ACCESS_NETWORK_STATE" />
48-->[com.google.firebase:firebase-auth:21.2.0] AndroidManifest.xml:26:5-79
48-->[com.google.firebase:firebase-auth:21.2.0] AndroidManifest.xml:26:22-76
49
50    <uses-feature
50-->[com.google.android.gms:play-services-maps:17.0.0] AndroidManifest.xml:26:5-28:35
51        android:glEsVersion="0x00020000"
51-->[com.google.android.gms:play-services-maps:17.0.0] AndroidManifest.xml:27:9-41
52        android:required="true" />
52-->[com.google.android.gms:play-services-maps:17.0.0] AndroidManifest.xml:28:9-32
53
54    <application
55        android:name="android.app.Application"
56        android:appComponentFactory="androidx.core.app.CoreComponentFactory"
56-->[androidx.core:core:1.6.0] AndroidManifest.xml:24:18-86
57        android:debuggable="true"
58        android:icon="@mipmap/ic_launcher"
59        android:label="CIVVYS" >
60        <activity
61            android:name="com.example.yourthing.MainActivity"
62            android:configChanges="orientation|keyboardHidden|keyboard|screenSize|smallestScreenSize|locale|layoutDirection|fontScale|screenLayout|density|uiMode"
63            android:exported="true"
64            android:hardwareAccelerated="true"
65            android:launchMode="singleTop"
66            android:theme="@style/LaunchTheme"
67            android:windowSoftInputMode="adjustResize" >
68
69            <!--
70                 Specifies an Android theme to apply to this Activity as soon as
71                 the Android process has started. This theme is visible to the user
72                 while the Flutter UI initializes. After that, this theme continues
73                 to determine the Window background behind the Flutter UI.
74            -->
75            <meta-data
76                android:name="io.flutter.embedding.android.NormalTheme"
77                android:resource="@style/NormalTheme" />
78
79            <intent-filter>
80                <action android:name="android.intent.action.MAIN" />
80-->[com.razorpay:checkout:1.6.30] AndroidManifest.xml:29:13-65
80-->[com.razorpay:checkout:1.6.30] AndroidManifest.xml:29:21-62
81
82                <category android:name="android.intent.category.LAUNCHER" />
83            </intent-filter>
84        </activity>
85        <!--
86             Don't delete the meta-data below.
87             This is used by the Flutter tool to generate GeneratedPluginRegistrant.java
88        -->
89        <meta-data
90            android:name="flutterEmbedding"
91            android:value="2" />
92
93        <service
93-->[:firebase_auth] AndroidManifest.xml:10:9-14:19
94            android:name="com.google.firebase.components.ComponentDiscoveryService"
94-->[:firebase_auth] AndroidManifest.xml:10:18-89
95            android:directBootAware="true"
95-->[com.google.firebase:firebase-common:20.3.2] AndroidManifest.xml:34:13-43
96            android:exported="false" >
96-->[com.google.firebase:firebase-auth:21.2.0] AndroidManifest.xml:68:13-37
97            <meta-data
97-->[:firebase_auth] AndroidManifest.xml:11:13-13:85
98                android:name="com.google.firebase.components:io.flutter.plugins.firebase.auth.FlutterFirebaseAuthRegistrar"
98-->[:firebase_auth] AndroidManifest.xml:12:17-124
99                android:value="com.google.firebase.components.ComponentRegistrar" />
99-->[:firebase_auth] AndroidManifest.xml:13:17-82
100            <meta-data
100-->[:cloud_firestore] AndroidManifest.xml:11:13-13:85
101                android:name="com.google.firebase.components:io.flutter.plugins.firebase.firestore.FlutterFirebaseFirestoreRegistrar"
101-->[:cloud_firestore] AndroidManifest.xml:12:17-134
102                android:value="com.google.firebase.components.ComponentRegistrar" />
102-->[:cloud_firestore] AndroidManifest.xml:13:17-82
103            <meta-data
103-->[:firebase_core] AndroidManifest.xml:11:13-13:85
104                android:name="com.google.firebase.components:io.flutter.plugins.firebase.core.FlutterFirebaseCoreRegistrar"
104-->[:firebase_core] AndroidManifest.xml:12:17-124
105                android:value="com.google.firebase.components.ComponentRegistrar" />
105-->[:firebase_core] AndroidManifest.xml:13:17-82
106            <meta-data
106-->[com.google.firebase:firebase-auth:21.2.0] AndroidManifest.xml:69:13-71:85
107                android:name="com.google.firebase.components:com.google.firebase.auth.FirebaseAuthRegistrar"
107-->[com.google.firebase:firebase-auth:21.2.0] AndroidManifest.xml:70:17-109
108                android:value="com.google.firebase.components.ComponentRegistrar" />
108-->[com.google.firebase:firebase-auth:21.2.0] AndroidManifest.xml:71:17-82
109            <meta-data
109-->[com.google.firebase:firebase-firestore:24.4.5] AndroidManifest.xml:19:13-21:85
110                android:name="com.google.firebase.components:com.google.firebase.firestore.FirestoreRegistrar"
110-->[com.google.firebase:firebase-firestore:24.4.5] AndroidManifest.xml:20:17-111
111                android:value="com.google.firebase.components.ComponentRegistrar" />
111-->[com.google.firebase:firebase-firestore:24.4.5] AndroidManifest.xml:21:17-82
112        </service>
113
114        <receiver
114-->[com.razorpay:checkout:1.6.30] AndroidManifest.xml:42:9-49:20
115            android:name="com.razorpay.RzpTokenReceiver"
115-->[com.razorpay:checkout:1.6.30] AndroidManifest.xml:43:13-57
116            android:exported="true" >
116-->[com.razorpay:checkout:1.6.30] AndroidManifest.xml:44:13-36
117            <intent-filter>
117-->[com.razorpay:checkout:1.6.30] AndroidManifest.xml:46:13-48:29
118                <action android:name="rzp.device_token.share" />
118-->[com.razorpay:checkout:1.6.30] AndroidManifest.xml:37:13-61
118-->[com.razorpay:checkout:1.6.30] AndroidManifest.xml:37:21-58
119            </intent-filter>
120        </receiver>
121
122        <activity
122-->[com.razorpay:checkout:1.6.30] AndroidManifest.xml:51:9-59:20
123            android:name="com.razorpay.CheckoutActivity"
123-->[com.razorpay:checkout:1.6.30] AndroidManifest.xml:52:13-57
124            android:configChanges="keyboard|keyboardHidden|orientation|screenSize"
124-->[com.razorpay:checkout:1.6.30] AndroidManifest.xml:53:13-83
125            android:exported="true"
125-->[com.razorpay:checkout:1.6.30] AndroidManifest.xml:54:13-36
126            android:theme="@style/CheckoutTheme" >
126-->[com.razorpay:checkout:1.6.30] AndroidManifest.xml:55:13-49
127            <intent-filter>
127-->[com.razorpay:checkout:1.6.30] AndroidManifest.xml:56:13-58:29
128                <action android:name="android.intent.action.MAIN" />
128-->[com.razorpay:checkout:1.6.30] AndroidManifest.xml:29:13-65
128-->[com.razorpay:checkout:1.6.30] AndroidManifest.xml:29:21-62
129            </intent-filter>
130        </activity>
131
132        <meta-data
132-->[com.razorpay:checkout:1.6.30] AndroidManifest.xml:61:9-63:58
133            android:name="com.razorpay.plugin.googlepay_all"
133-->[com.razorpay:checkout:1.6.30] AndroidManifest.xml:62:13-61
134            android:value="com.razorpay.RzpGpayMerged" />
134-->[com.razorpay:checkout:1.6.30] AndroidManifest.xml:63:13-55
135
136        <activity
136-->[com.google.firebase:firebase-auth:21.2.0] AndroidManifest.xml:29:9-46:20
137            android:name="com.google.firebase.auth.internal.GenericIdpActivity"
137-->[com.google.firebase:firebase-auth:21.2.0] AndroidManifest.xml:30:13-80
138            android:excludeFromRecents="true"
138-->[com.google.firebase:firebase-auth:21.2.0] AndroidManifest.xml:31:13-46
139            android:exported="true"
139-->[com.google.firebase:firebase-auth:21.2.0] AndroidManifest.xml:32:13-36
140            android:launchMode="singleTask"
140-->[com.google.firebase:firebase-auth:21.2.0] AndroidManifest.xml:33:13-44
141            android:theme="@android:style/Theme.Translucent.NoTitleBar" >
141-->[com.google.firebase:firebase-auth:21.2.0] AndroidManifest.xml:34:13-72
142            <intent-filter>
142-->[com.google.firebase:firebase-auth:21.2.0] AndroidManifest.xml:35:13-45:29
143                <action android:name="android.intent.action.VIEW" />
143-->[com.razorpay:checkout:1.6.30] AndroidManifest.xml:12:13-65
143-->[com.razorpay:checkout:1.6.30] AndroidManifest.xml:12:21-62
144
145                <category android:name="android.intent.category.DEFAULT" />
145-->[com.google.firebase:firebase-auth:21.2.0] AndroidManifest.xml:38:17-76
145-->[com.google.firebase:firebase-auth:21.2.0] AndroidManifest.xml:38:27-73
146                <category android:name="android.intent.category.BROWSABLE" />
146-->[com.razorpay:checkout:1.6.30] AndroidManifest.xml:21:13-74
146-->[com.razorpay:checkout:1.6.30] AndroidManifest.xml:21:23-71
147
148                <data
148-->[com.razorpay:checkout:1.6.30] AndroidManifest.xml:14:13-16:38
149                    android:host="firebase.auth"
150                    android:path="/"
151                    android:scheme="genericidp" />
151-->[com.razorpay:checkout:1.6.30] AndroidManifest.xml:16:17-35
152            </intent-filter>
153        </activity>
154        <activity
154-->[com.google.firebase:firebase-auth:21.2.0] AndroidManifest.xml:47:9-64:20
155            android:name="com.google.firebase.auth.internal.RecaptchaActivity"
155-->[com.google.firebase:firebase-auth:21.2.0] AndroidManifest.xml:48:13-79
156            android:excludeFromRecents="true"
156-->[com.google.firebase:firebase-auth:21.2.0] AndroidManifest.xml:49:13-46
157            android:exported="true"
157-->[com.google.firebase:firebase-auth:21.2.0] AndroidManifest.xml:50:13-36
158            android:launchMode="singleTask"
158-->[com.google.firebase:firebase-auth:21.2.0] AndroidManifest.xml:51:13-44
159            android:theme="@android:style/Theme.Translucent.NoTitleBar" >
159-->[com.google.firebase:firebase-auth:21.2.0] AndroidManifest.xml:52:13-72
160            <intent-filter>
160-->[com.google.firebase:firebase-auth:21.2.0] AndroidManifest.xml:53:13-63:29
161                <action android:name="android.intent.action.VIEW" />
161-->[com.razorpay:checkout:1.6.30] AndroidManifest.xml:12:13-65
161-->[com.razorpay:checkout:1.6.30] AndroidManifest.xml:12:21-62
162
163                <category android:name="android.intent.category.DEFAULT" />
163-->[com.google.firebase:firebase-auth:21.2.0] AndroidManifest.xml:38:17-76
163-->[com.google.firebase:firebase-auth:21.2.0] AndroidManifest.xml:38:27-73
164                <category android:name="android.intent.category.BROWSABLE" />
164-->[com.razorpay:checkout:1.6.30] AndroidManifest.xml:21:13-74
164-->[com.razorpay:checkout:1.6.30] AndroidManifest.xml:21:23-71
165
166                <data
166-->[com.razorpay:checkout:1.6.30] AndroidManifest.xml:14:13-16:38
167                    android:host="firebase.auth"
168                    android:path="/"
169                    android:scheme="recaptcha" />
169-->[com.razorpay:checkout:1.6.30] AndroidManifest.xml:16:17-35
170            </intent-filter>
171        </activity>
172
173        <uses-library
173-->[androidx.window:window:1.0.0-beta04] AndroidManifest.xml:25:9-27:40
174            android:name="androidx.window.extensions"
174-->[androidx.window:window:1.0.0-beta04] AndroidManifest.xml:26:13-54
175            android:required="false" />
175-->[androidx.window:window:1.0.0-beta04] AndroidManifest.xml:27:13-37
176        <uses-library
176-->[androidx.window:window:1.0.0-beta04] AndroidManifest.xml:28:9-30:40
177            android:name="androidx.window.sidecar"
177-->[androidx.window:window:1.0.0-beta04] AndroidManifest.xml:29:13-51
178            android:required="false" />
178-->[androidx.window:window:1.0.0-beta04] AndroidManifest.xml:30:13-37
179
180        <provider
180-->[com.google.firebase:firebase-common:20.3.2] AndroidManifest.xml:25:9-30:39
181            android:name="com.google.firebase.provider.FirebaseInitProvider"
181-->[com.google.firebase:firebase-common:20.3.2] AndroidManifest.xml:26:13-77
182            android:authorities="com.example.yourthing.firebaseinitprovider"
182-->[com.google.firebase:firebase-common:20.3.2] AndroidManifest.xml:27:13-72
183            android:directBootAware="true"
183-->[com.google.firebase:firebase-common:20.3.2] AndroidManifest.xml:28:13-43
184            android:exported="false"
184-->[com.google.firebase:firebase-common:20.3.2] AndroidManifest.xml:29:13-37
185            android:initOrder="100" />
185-->[com.google.firebase:firebase-common:20.3.2] AndroidManifest.xml:30:13-36
186
187        <activity
187-->[com.google.android.gms:play-services-auth:20.4.1] AndroidManifest.xml:23:9-27:75
188            android:name="com.google.android.gms.auth.api.signin.internal.SignInHubActivity"
188-->[com.google.android.gms:play-services-auth:20.4.1] AndroidManifest.xml:24:13-93
189            android:excludeFromRecents="true"
189-->[com.google.android.gms:play-services-auth:20.4.1] AndroidManifest.xml:25:13-46
190            android:exported="false"
190-->[com.google.android.gms:play-services-auth:20.4.1] AndroidManifest.xml:26:13-37
191            android:theme="@android:style/Theme.Translucent.NoTitleBar" />
191-->[com.google.android.gms:play-services-auth:20.4.1] AndroidManifest.xml:27:13-72
192        <!--
193            Service handling Google Sign-In user revocation. For apps that do not integrate with
194            Google Sign-In, this service will never be started.
195        -->
196        <service
196-->[com.google.android.gms:play-services-auth:20.4.1] AndroidManifest.xml:33:9-37:51
197            android:name="com.google.android.gms.auth.api.signin.RevocationBoundService"
197-->[com.google.android.gms:play-services-auth:20.4.1] AndroidManifest.xml:34:13-89
198            android:exported="true"
198-->[com.google.android.gms:play-services-auth:20.4.1] AndroidManifest.xml:35:13-36
199            android:permission="com.google.android.gms.auth.api.signin.permission.REVOCATION_NOTIFICATION"
199-->[com.google.android.gms:play-services-auth:20.4.1] AndroidManifest.xml:36:13-107
200            android:visibleToInstantApps="true" /> <!-- Needs to be explicitly declared on P+ -->
200-->[com.google.android.gms:play-services-auth:20.4.1] AndroidManifest.xml:37:13-48
201        <uses-library
201-->[com.google.android.gms:play-services-maps:17.0.0] AndroidManifest.xml:33:9-35:40
202            android:name="org.apache.http.legacy"
202-->[com.google.android.gms:play-services-maps:17.0.0] AndroidManifest.xml:34:13-50
203            android:required="false" />
203-->[com.google.android.gms:play-services-maps:17.0.0] AndroidManifest.xml:35:13-37
204
205        <activity
205-->[com.google.android.gms:play-services-base:18.0.1] AndroidManifest.xml:20:9-22:45
206            android:name="com.google.android.gms.common.api.GoogleApiActivity"
206-->[com.google.android.gms:play-services-base:18.0.1] AndroidManifest.xml:20:19-85
207            android:exported="false"
207-->[com.google.android.gms:play-services-base:18.0.1] AndroidManifest.xml:22:19-43
208            android:theme="@android:style/Theme.Translucent.NoTitleBar" />
208-->[com.google.android.gms:play-services-base:18.0.1] AndroidManifest.xml:21:19-78
209
210        <meta-data
210-->[com.google.android.gms:play-services-basement:18.1.0] AndroidManifest.xml:21:9-23:69
211            android:name="com.google.android.gms.version"
211-->[com.google.android.gms:play-services-basement:18.1.0] AndroidManifest.xml:22:13-58
212            android:value="@integer/google_play_services_version" />
212-->[com.google.android.gms:play-services-basement:18.1.0] AndroidManifest.xml:23:13-66
213    </application>
214
215</manifest>